#
# There is insufficient memory for the Java Runtime Environment to continue.
# Native memory allocation (malloc) failed to allocate 529056 bytes for Chunk::new
# Possible reasons:
#   The system is out of physical RAM or swap space
#   In 32 bit mode, the process size limit was hit
# Possible solutions:
#   Reduce memory load on the system
#   Increase physical memory or swap space
#   Check if swap backing store is full
#   Use 64 bit Java on a 64 bit OS
#   Decrease Java heap size (-Xmx/-Xms)
#   Decrease number of Java threads
#   Decrease Java thread stack sizes (-Xss)
#   Set larger code cache with -XX:ReservedCodeCacheSize=
# This output file may be truncated or incomplete.
#
#  Out of Memory Error (allocation.cpp:390), pid=8872, tid=1020
#
# JRE version: Java(TM) SE Runtime Environment (8.0_51-b16) (build 1.8.0_51-b16)
# Java VM: Java HotSpot(TM) 64-Bit Server VM (25.51-b03 mixed mode windows-amd64 compressed oops)
# Failed to write core dump. Minidumps are not enabled by default on client versions of Windows
#

---------------  T H R E A D  ---------------

Current thread (0x0000000016b65800):  JavaThread "C2 CompilerThread2" daemon [_thread_in_native, id=1020, stack(0x00000000172e0000,0x00000000173e0000)]

Stack: [0x00000000172e0000,0x00000000173e0000]
Native frames: (J=compiled Java code, j=interpreted, Vv=VM code, C=native code)
V  [jvm.dll+0x32b4ca]
V  [jvm.dll+0x2797e3]
V  [jvm.dll+0x27a479]
V  [jvm.dll+0x271765]
V  [jvm.dll+0xcba02]
V  [jvm.dll+0xcbecc]
V  [jvm.dll+0x476f72]
V  [jvm.dll+0x4b95ff]
V  [jvm.dll+0x46b745]
V  [jvm.dll+0x46cd4e]
V  [jvm.dll+0x4501a2]
V  [jvm.dll+0xa43a2]
V  [jvm.dll+0xa4cdf]
V  [jvm.dll+0x2418a4]
V  [jvm.dll+0x29846a]
C  [msvcr100.dll+0x21d9f]
C  [msvcr100.dll+0x21e3b]
C  [KERNEL32.DLL+0x13d2]
C  [ntdll.dll+0x6eb64]


Current CompileTask:
C2:   5429 1610       4       com.android.dx.ssa.LocalVariableExtractor::processBlock (383 bytes)


---------------  P R O C E S S  ---------------

Java Threads: ( => current thread )
  0x0000000016ba2800 JavaThread "Service Thread" daemon [_thread_blocked, id=9060, stack(0x00000000174e0000,0x00000000175e0000)]
  0x0000000016b74000 JavaThread "C1 CompilerThread3" daemon [_thread_blocked, id=3228, stack(0x00000000173e0000,0x00000000174e0000)]
=>0x0000000016b65800 JavaThread "C2 CompilerThread2" daemon [_thread_in_native, id=1020, stack(0x00000000172e0000,0x00000000173e0000)]
  0x0000000016b45000 JavaThread "C2 CompilerThread1" daemon [_thread_in_native, id=3856, stack(0x00000000171e0000,0x00000000172e0000)]
  0x0000000016b05800 JavaThread "C2 CompilerThread0" daemon [_thread_in_native, id=5044, stack(0x00000000170e0000,0x00000000171e0000)]
  0x0000000016b04800 JavaThread "Attach Listener" daemon [_thread_blocked, id=9088, stack(0x0000000016fe0000,0x00000000170e0000)]
  0x0000000016b03800 JavaThread "Signal Dispatcher" daemon [_thread_blocked, id=9004, stack(0x0000000016ee0000,0x0000000016fe0000)]
  0x0000000001fc9000 JavaThread "Finalizer" daemon [_thread_blocked, id=9428, stack(0x00000000169e0000,0x0000000016ae0000)]
  0x0000000001fc2000 JavaThread "Reference Handler" daemon [_thread_blocked, id=2064, stack(0x00000000168e0000,0x00000000169e0000)]
  0x0000000001ed0800 JavaThread "main" [_thread_in_Java, id=8756, stack(0x0000000001d70000,0x0000000001e70000)]

Other Threads:
  0x0000000014ae9800 VMThread [stack: 0x00000000167e0000,0x00000000168e0000] [id=8776]
  0x0000000016ba5800 WatcherThread [stack: 0x00000000175e0000,0x00000000176e0000] [id=2708]

VM state:not at safepoint (normal execution)

VM Mutex/Monitor currently owned by a thread: None

Heap:
 PSYoungGen      total 71680K, used 7720K [0x00000000eab00000, 0x00000000ef600000, 0x0000000100000000)
  eden space 66560K, 3% used [0x00000000eab00000,0x00000000ead8e7e8,0x00000000eec00000)
  from space 5120K, 99% used [0x00000000ef100000,0x00000000ef5fbb08,0x00000000ef600000)
  to   space 5120K, 0% used [0x00000000eec00000,0x00000000eec00000,0x00000000ef100000)
 ParOldGen       total 87552K, used 6828K [0x00000000c0000000, 0x00000000c5580000, 0x00000000eab00000)
  object space 87552K, 7% used [0x00000000c0000000,0x00000000c06ab210,0x00000000c5580000)
 Metaspace       used 5831K, capacity 7088K, committed 7296K, reserved 1056768K
  class space    used 557K, capacity 616K, committed 640K, reserved 1048576K

Card table byte_map: [0x0000000011390000,0x00000000115a0000] byte_map_base: 0x0000000010d90000

Marking Bits: (ParMarkBitMap*) 0x0000000072754040
 Begin Bits: [0x0000000011f00000, 0x0000000012f00000)
 End Bits:   [0x0000000012f00000, 0x0000000013f00000)

Polling page: 0x0000000000570000

CodeCache: size=245760Kb used=7460Kb max_used=7460Kb free=238299Kb
 bounds [0x0000000001fd0000, 0x0000000002720000, 0x0000000010fd0000]
 total_blobs=1888 nmethods=1623 adapters=178
 compilation: enabled

Compilation events (10 events):
Event: 5.074 Thread 0x0000000016b74000 nmethod 1604 0x000000000270aa90 code [0x000000000270ac20, 0x000000000270af28]
Event: 5.074 Thread 0x0000000016b74000 1605       3       java.util.EnumSet::allOf (11 bytes)
Event: 5.074 Thread 0x0000000016b74000 nmethod 1605 0x000000000270b0d0 code [0x000000000270b240, 0x000000000270b478]
Event: 5.074 Thread 0x0000000016b74000 1606       3       java.util.EnumSet::noneOf (63 bytes)
Event: 5.075 Thread 0x0000000016b74000 nmethod 1606 0x000000000270b550 code [0x000000000270b7e0, 0x000000000270c828]
Event: 5.075 Thread 0x0000000016b65800 1608       4       java.util.TreeMap$PrivateEntryIterator::hasNext (13 bytes)
Event: 5.076 Thread 0x0000000016b65800 nmethod 1608 0x000000000265d110 code [0x000000000265d240, 0x000000000265d2b8]
Event: 5.080 Thread 0x0000000016b05800 1609       4       com.android.dx.rop.cst.CstLiteral32::equals (35 bytes)
Event: 5.080 Thread 0x0000000016b65800 1610       4       com.android.dx.ssa.LocalVariableExtractor::processBlock (383 bytes)
Event: 5.081 Thread 0x0000000016b05800 nmethod 1609 0x000000000270e550 code [0x000000000270e680, 0x000000000270e758]

GC Heap History (2 events):
Event: 3.059 GC heap before
{Heap before GC invocations=1 (full 0):
 PSYoungGen      total 38400K, used 33280K [0x00000000eab00000, 0x00000000ed580000, 0x0000000100000000)
  eden space 33280K, 100% used [0x00000000eab00000,0x00000000ecb80000,0x00000000ecb80000)
  from space 5120K, 0% used [0x00000000ed080000,0x00000000ed080000,0x00000000ed580000)
  to   space 5120K, 0% used [0x00000000ecb80000,0x00000000ecb80000,0x00000000ed080000)
 ParOldGen       total 87552K, used 0K [0x00000000c0000000, 0x00000000c5580000, 0x00000000eab00000)
  object space 87552K, 0% used [0x00000000c0000000,0x00000000c0000000,0x00000000c5580000)
 Metaspace       used 5722K, capacity 6960K, committed 7040K, reserved 1056768K
  class space    used 556K, capacity 616K, committed 640K, reserved 1048576K
Event: 3.103 GC heap after
Heap after GC invocations=1 (full 0):
 PSYoungGen      total 38400K, used 5111K [0x00000000eab00000, 0x00000000ef600000, 0x0000000100000000)
  eden space 33280K, 0% used [0x00000000eab00000,0x00000000eab00000,0x00000000ecb80000)
  from space 5120K, 99% used [0x00000000ecb80000,0x00000000ed07dc88,0x00000000ed080000)
  to   space 5120K, 0% used [0x00000000ef100000,0x00000000ef100000,0x00000000ef600000)
 ParOldGen       total 87552K, used 1664K [0x00000000c0000000, 0x00000000c5580000, 0x00000000eab00000)
  object space 87552K, 1% used [0x00000000c0000000,0x00000000c01a02d8,0x00000000c5580000)
 Metaspace       used 5722K, capacity 6960K, committed 7040K, reserved 1056768K
  class space    used 556K, capacity 616K, committed 640K, reserved 1048576K
}

Deoptimization events (10 events):
Event: 2.201 Thread 0x0000000001ed0800 Uncommon trap: reason=null_check action=make_not_entrant pc=0x00000000023afaa4 method=com.android.dx.rop.type.Type.equals(Ljava/lang/Object;)Z @ 8
Event: 2.375 Thread 0x0000000001ed0800 Uncommon trap: reason=unstable_if action=reinterpret pc=0x00000000024d8680 method=com.android.dx.ssa.SCCP.simulateStmt(Lcom/android/dx/ssa/SsaInsn;)V @ 418
Event: 4.107 Thread 0x0000000001ed0800 Uncommon trap: reason=unstable_if action=reinterpret pc=0x0000000002590b8c method=com.android.dx.ssa.LocalVariableExtractor.processBlock(I)V @ 251
Event: 4.526 Thread 0x0000000001ed0800 Uncommon trap: reason=unstable_if action=reinterpret pc=0x00000000025dbd88 method=com.android.dx.ssa.SsaRenamer$BlockRenamer.visitMoveInsn(Lcom/android/dx/ssa/NormalSsaInsn;)V @ 104
Event: 4.528 Thread 0x0000000001ed0800 Uncommon trap: reason=class_check action=maybe_recompile pc=0x00000000026360b8 method=com.android.dx.cf.code.RopperMachine.run(Lcom/android/dx/cf/code/Frame;II)V @ 988
Event: 4.699 Thread 0x0000000001ed0800 Uncommon trap: reason=unstable_if action=reinterpret pc=0x0000000002635cc4 method=com.android.dx.cf.code.RopperMachine.run(Lcom/android/dx/cf/code/Frame;II)V @ 1250
Event: 4.700 Thread 0x0000000001ed0800 Uncommon trap: reason=unstable_if action=reinterpret pc=0x0000000002676578 method=com.android.dx.rop.code.LocalVariableInfo.mergeStarts(ILcom/android/dx/rop/code/RegisterSpecSet;)Z @ 31
Event: 4.943 Thread 0x0000000001ed0800 Uncommon trap: reason=unloaded action=reinterpret pc=0x000000000259d688 method=com.android.dx.cf.cst.ConstantPoolParser.parse0(ILjava/util/BitSet;)Lcom/android/dx/rop/cst/Constant; @ 198
Event: 5.079 Thread 0x0000000001ed0800 Uncommon trap: reason=bimorphic action=maybe_recompile pc=0x0000000002544f90 method=com.android.dx.cf.code.BytecodeArray.parseInstruction(ILcom/android/dx/cf/code/BytecodeArray$Visitor;)I @ 939
Event: 5.079 Thread 0x0000000001ed0800 Uncommon trap: reason=bimorphic action=maybe_recompile pc=0x0000000002544f90 method=com.android.dx.cf.code.BytecodeArray.parseInstruction(ILcom/android/dx/cf/code/BytecodeArray$Visitor;)I @ 939

Internal exceptions (3 events):
Event: 0.054 Thread 0x0000000001ed0800 Exception <a 'java/lang/NoSuchMethodError': Method sun.misc.Unsafe.defineClass(Ljava/lang/String;[BII)Ljava/lang/Class; name or signature does not match> (0x00000000eab0d220) thrown at [C:\re\workspace\8-2-build-windows-amd64-cygwin\jdk8u51\3951\hotspot\srB˜’Óü´?
Event: 0.054 Thread 0x0000000001ed0800 Exception <a 'java/lang/NoSuchMethodError': Method sun.misc.Unsafe.prefetchRead(Ljava/lang/Object;J)V name or signature does not match> (0x00000000eab0d4b0) thrown at [C:\re\workspace\8-2-build-windows-amd64-cygwin\jdk8u51\3951\hotspot\src\share\vm\prims\jç…”∆ùú@
Event: 2.201 Thread 0x0000000001ed0800 Implicit null exception at 0x00000000023af9a2 to 0x00000000023afa95

Events (10 events):
Event: 4.700 Thread 0x0000000001ed0800 DEOPT UNPACKING pc=0x000000000201582a sp=0x0000000001e6e828 mode 2
Event: 4.943 Thread 0x0000000001ed0800 Uncommon trap: trap_request=0x000000d0 fr.pc=0x000000000259d688
Event: 4.943 Thread 0x0000000001ed0800 DEOPT PACKING pc=0x000000000259d688 sp=0x0000000001e6e9c0
Event: 4.943 Thread 0x0000000001ed0800 DEOPT UNPACKING pc=0x000000000201582a sp=0x0000000001e6e988 mode 2
Event: 5.079 Thread 0x0000000001ed0800 Uncommon trap: trap_request=0xffffffc6 fr.pc=0x0000000002544f90
Event: 5.079 Thread 0x0000000001ed0800 DEOPT PACKING pc=0x0000000002544f90 sp=0x0000000001e6e5f0
Event: 5.079 Thread 0x0000000001ed0800 DEOPT UNPACKING pc=0x000000000201582a sp=0x0000000001e6e568 mode 2
Event: 5.079 Thread 0x0000000001ed0800 Uncommon trap: trap_request=0xffffffc6 fr.pc=0x0000000002544f90
Event: 5.079 Thread 0x0000000001ed0800 DEOPT PACKING pc=0x0000000002544f90 sp=0x0000000001e6e440
Event: 5.079 Thread 0x0000000001ed0800 DEOPT UNPACKING pc=0x000000000201582a sp=0x0000000001e6e3b8 mode 2


Dynamic libraries:
0x00007ff7568a0000 - 0x00007ff7568d7000 	C:\Program Files\Java\jdk1.8.0_51\bin\java.exe
0x00007ffac12a0000 - 0x00007ffac144c000 	C:\Windows\SYSTEM32\ntdll.dll
0x00007ffabf170000 - 0x00007ffabf2ae000 	C:\Windows\system32\KERNEL32.DLL
0x00007ffabe750000 - 0x00007ffabe865000 	C:\Windows\system32\KERNELBASE.dll
0x00007ffabcf70000 - 0x00007ffabcffe000 	C:\Windows\system32\apphelp.dll
0x00007ffaa82e0000 - 0x00007ffaa8333000 	C:\Windows\AppPatch\AppPatch64\AcGenral.DLL
0x00007ffac0da0000 - 0x00007ffac0e4a000 	C:\Windows\system32\msvcrt.dll
0x00007ffabe220000 - 0x00007ffabe24e000 	C:\Windows\SYSTEM32\SspiCli.dll
0x00007ffabef90000 - 0x00007ffabefe4000 	C:\Windows\system32\SHLWAPI.dll
0x00007ffabeb60000 - 0x00007ffabecd7000 	C:\Windows\system32\USER32.dll
0x00007ffac0e50000 - 0x00007ffac0fe4000 	C:\Windows\system32\ole32.dll
0x00007ffabf6a0000 - 0x00007ffac0bb8000 	C:\Windows\system32\SHELL32.dll
0x00007ffabd960000 - 0x00007ffabd981000 	C:\Windows\SYSTEM32\USERENV.dll
0x00007ffabedb0000 - 0x00007ffabee5a000 	C:\Windows\system32\ADVAPI32.dll
0x00007ffaa6050000 - 0x00007ffaa606e000 	C:\Windows\SYSTEM32\MPR.dll
0x00007ffac0ff0000 - 0x00007ffac1131000 	C:\Windows\system32\RPCRT4.dll
0x00007ffabee60000 - 0x00007ffabeeb9000 	C:\Windows\SYSTEM32\sechost.dll
0x00007ffabf480000 - 0x00007ffabf691000 	C:\Windows\SYSTEM32\combase.dll
0x00007ffac1140000 - 0x00007ffac1291000 	C:\Windows\system32\GDI32.dll
0x00007ffabe3f0000 - 0x00007ffabe405000 	C:\Windows\SYSTEM32\profapi.dll
0x00007ffabceb0000 - 0x00007ffabcf62000 	C:\Windows\SYSTEM32\SHCORE.dll
0x00007ffabed70000 - 0x00007ffabeda6000 	C:\Windows\system32\IMM32.DLL
0x00007ffabe980000 - 0x00007ffabead3000 	C:\Windows\system32\MSCTF.dll
0x00007ffabc030000 - 0x00007ffabc2ab000 	C:\Windows\WinSxS\amd64_microsoft.windows.common-controls_6595b64144ccf1df_6.0.9600.17415_none_6240486fecbd8abb\COMCTL32.dll
0x0000000075fc0000 - 0x0000000076092000 	C:\Program Files\Java\jdk1.8.0_51\jre\bin\msvcr100.dll
0x0000000071f50000 - 0x00000000727d3000 	C:\Program Files\Java\jdk1.8.0_51\jre\bin\server\jvm.dll
0x00007ffab6820000 - 0x00007ffab6829000 	C:\Windows\SYSTEM32\WSOCK32.dll
0x00007ffaba950000 - 0x00007ffaba972000 	C:\Windows\SYSTEM32\WINMM.dll
0x00007ffabb410000 - 0x00007ffabb41a000 	C:\Windows\SYSTEM32\VERSION.dll
0x00007ffabf460000 - 0x00007ffabf467000 	C:\Windows\system32\PSAPI.DLL
0x00007ffabeb00000 - 0x00007ffabeb5a000 	C:\Windows\system32\WS2_32.dll
0x00007ffaba920000 - 0x00007ffaba94a000 	C:\Windows\SYSTEM32\WINMMBASE.dll
0x00007ffabeae0000 - 0x00007ffabeae9000 	C:\Windows\system32\NSI.dll
0x00007ffabe700000 - 0x00007ffabe74f000 	C:\Windows\SYSTEM32\cfgmgr32.dll
0x00007ffabd210000 - 0x00007ffabd238000 	C:\Windows\SYSTEM32\DEVOBJ.dll
0x0000000076430000 - 0x000000007643f000 	C:\Program Files\Java\jdk1.8.0_51\jre\bin\verify.dll
0x0000000076400000 - 0x0000000076429000 	C:\Program Files\Java\jdk1.8.0_51\jre\bin\java.dll
0x00000000763e0000 - 0x00000000763f6000 	C:\Program Files\Java\jdk1.8.0_51\jre\bin\zip.dll
0x00007ffa9acb0000 - 0x00007ffa9ae3a000 	C:\Windows\SYSTEM32\dbghelp.dll

VM Arguments:
jvm_args: -Xmx1024M -Dfile.encoding=windows-1252 -Duser.country=GB -Duser.language=en -Duser.variant 
java_command: com.android.dx.command.Main --dex --output D:\mainworkspace\Android\Grability\app\build\intermediates\pre-dexed\debug\classes-d9eb22a8f66613ef881228322b844c4c0d454f39.jar D:\mainworkspace\Android\Grability\app\build\intermediates\exploded-aar\com.android.support\appcompat-v7\22.2.1\jars\classes.jar
java_class_path (initial): C:\Users\Juano\AppData\Local\Android\sdk\build-tools\22.0.1\lib\dx.jar
Launcher Type: SUN_STANDARD

Environment Variables:
JAVA_HOME=C:\Program Files\Java\jdk1.8.0_51
PATH=C:\ProgramData\Oracle\Java\javapath;C:\Program Files (x86)\Intel\iCLS Client\;C:\Program Files\Intel\iCLS Client\;C:\Windows\system32;C:\Windows;C:\Windows\System32\Wbem;C:\Windows\System32\WindowsPowerShell\v1.0\;C:\Program Files\Intel\Intel(R) Management Engine Components\DAL;C:\Program Files (x86)\Intel\Intel(R) Management Engine Components\DAL;C:\Program Files\Intel\Intel(R) Management Engine Components\IPT;C:\Program Files (x86)\Intel\Intel(R) Management Engine Components\IPT;C:\Program Files\nodejs\;C:\Program Files (x86)\Skype\Phone\;C:\Program Files (x86)\NVIDIA Corporation\PhysX\Common;C:\Users\Juano\AppData\Roaming\npm
USERNAME=Juano
OS=Windows_NT
PROCESSOR_IDENTIFIER=Intel64 Family 6 Model 60 Stepping 3, GenuineIntel



---------------  S Y S T E M  ---------------

OS: Windows 8.1 , 64 bit Build 9600 (6.3.9600.17415)

CPU:total 8 (4 cores per cpu, 2 threads per core) family 6 model 60 stepping 3, cmov, cx8, fxsr, mmx, sse, sse2, sse3, ssse3, sse4.1, sse4.2, popcnt, avx, avx2, aes, clmul, erms, lzcnt, ht, tsc, tscinvbit, bmi1, bmi2

Memory: 4k page, physical 8271308k(785412k free), swap 11417036k(5896k free)

vm_info: Java HotSpot(TM) 64-Bit Server VM (25.51-b03) for windows-amd64 JRE (1.8.0_51-b16), built on Jun  8 2015 18:03:07 by "java_re" with MS VC++ 10.0 (VS2010)

time: Tue Jan 31 18:14:22 2017
elapsed time: 5 seconds (0d 0h 0m 5s)

