#
# There is insufficient memory for the Java Runtime Environment to continue.
# Native memory allocation (malloc) failed to allocate 1332816 bytes for Chunk::new
# Possible reasons:
#   The system is out of physical RAM or swap space
#   In 32 bit mode, the process size limit was hit
# Possible solutions:
#   Reduce memory load on the system
#   Increase physical memory or swap space
#   Check if swap backing store is full
#   Use 64 bit Java on a 64 bit OS
#   Decrease Java heap size (-Xmx/-Xms)
#   Decrease number of Java threads
#   Decrease Java thread stack sizes (-Xss)
#   Set larger code cache with -XX:ReservedCodeCacheSize=
# This output file may be truncated or incomplete.
#
#  Out of Memory Error (allocation.cpp:390), pid=8072, tid=4828
#
# JRE version: Java(TM) SE Runtime Environment (8.0_51-b16) (build 1.8.0_51-b16)
# Java VM: Java HotSpot(TM) 64-Bit Server VM (25.51-b03 mixed mode windows-amd64 compressed oops)
# Failed to write core dump. Minidumps are not enabled by default on client versions of Windows
#

---------------  T H R E A D  ---------------

Current thread (0x00000000171f7000):  JavaThread "C2 CompilerThread0" daemon [_thread_in_native, id=4828, stack(0x00000000177d0000,0x00000000178d0000)]

Stack: [0x00000000177d0000,0x00000000178d0000]
Native frames: (J=compiled Java code, j=interpreted, Vv=VM code, C=native code)
V  [jvm.dll+0x32b4ca]
V  [jvm.dll+0x2797e3]
V  [jvm.dll+0x27a479]
V  [jvm.dll+0x271765]
V  [jvm.dll+0xcba02]
V  [jvm.dll+0xcbecc]
V  [jvm.dll+0x492ad7]
V  [jvm.dll+0x45f98a]
V  [jvm.dll+0x46a7cb]
V  [jvm.dll+0x46cde2]
V  [jvm.dll+0x4501a2]
V  [jvm.dll+0xa43a2]
V  [jvm.dll+0xa4cdf]
V  [jvm.dll+0x2418a4]
V  [jvm.dll+0x29846a]
C  [msvcr100.dll+0x21d9f]
C  [msvcr100.dll+0x21e3b]
C  [KERNEL32.DLL+0x13d2]
C  [ntdll.dll+0x6eb64]


Current CompileTask:
C2:   5428 1556   !   4       com.android.dx.cf.code.Ropper::processBlock (1101 bytes)


---------------  P R O C E S S  ---------------

Java Threads: ( => current thread )
  0x0000000017285000 JavaThread "Service Thread" daemon [_thread_blocked, id=8808, stack(0x0000000017bd0000,0x0000000017cd0000)]
  0x0000000017254800 JavaThread "C1 CompilerThread3" daemon [_thread_in_native, id=5904, stack(0x0000000017ad0000,0x0000000017bd0000)]
  0x0000000017224000 JavaThread "C2 CompilerThread2" daemon [_thread_in_native, id=860, stack(0x00000000179d0000,0x0000000017ad0000)]
  0x00000000171fc000 JavaThread "C2 CompilerThread1" daemon [_thread_in_native, id=7376, stack(0x00000000178d0000,0x00000000179d0000)]
=>0x00000000171f7000 JavaThread "C2 CompilerThread0" daemon [_thread_in_native, id=4828, stack(0x00000000177d0000,0x00000000178d0000)]
  0x00000000171f5800 JavaThread "Attach Listener" daemon [_thread_blocked, id=6668, stack(0x00000000176d0000,0x00000000177d0000)]
  0x00000000171f4800 JavaThread "Signal Dispatcher" daemon [_thread_blocked, id=9068, stack(0x00000000175d0000,0x00000000176d0000)]
  0x00000000026d9000 JavaThread "Finalizer" daemon [_thread_blocked, id=5352, stack(0x00000000170d0000,0x00000000171d0000)]
  0x00000000026d2000 JavaThread "Reference Handler" daemon [_thread_blocked, id=2200, stack(0x0000000016fd0000,0x00000000170d0000)]
  0x00000000025e0800 JavaThread "main" [_thread_in_Java, id=8388, stack(0x0000000002430000,0x0000000002530000)]

Other Threads:
  0x00000000151f9800 VMThread [stack: 0x0000000016ed0000,0x0000000016fd0000] [id=7604]
  0x0000000017285800 WatcherThread [stack: 0x0000000017cd0000,0x0000000017dd0000] [id=8636]

VM state:not at safepoint (normal execution)

VM Mutex/Monitor currently owned by a thread: None

Heap:
 PSYoungGen      total 38400K, used 34779K [0x00000000eab00000, 0x00000000ef600000, 0x0000000100000000)
  eden space 33280K, 89% used [0x00000000eab00000,0x00000000ec7fd2d0,0x00000000ecb80000)
  from space 5120K, 99% used [0x00000000ecb80000,0x00000000ed079c98,0x00000000ed080000)
  to   space 5120K, 0% used [0x00000000ef100000,0x00000000ef100000,0x00000000ef600000)
 ParOldGen       total 87552K, used 1697K [0x00000000c0000000, 0x00000000c5580000, 0x00000000eab00000)
  object space 87552K, 1% used [0x00000000c0000000,0x00000000c01a8650,0x00000000c5580000)
 Metaspace       used 5921K, capacity 7152K, committed 7296K, reserved 1056768K
  class space    used 570K, capacity 616K, committed 640K, reserved 1048576K

Card table byte_map: [0x0000000011aa0000,0x0000000011cb0000] byte_map_base: 0x00000000114a0000

Marking Bits: (ParMarkBitMap*) 0x0000000072754040
 Begin Bits: [0x0000000012610000, 0x0000000013610000)
 End Bits:   [0x0000000013610000, 0x0000000014610000)

Polling page: 0x0000000000c10000

CodeCache: size=245760Kb used=7146Kb max_used=7146Kb free=238613Kb
 bounds [0x00000000026e0000, 0x0000000002df0000, 0x00000000116e0000]
 total_blobs=1954 nmethods=1689 adapters=178
 compilation: enabled

Compilation events (10 events):
Event: 4.834 Thread 0x0000000017254800 nmethod 1587 0x0000000002d7d9d0 code [0x0000000002d7dbe0, 0x0000000002d7e888]
Event: 4.836 Thread 0x00000000171fc000 nmethod 1588% 0x0000000002d7bf50 code [0x0000000002d7c0a0, 0x0000000002d7c2b8]
Event: 4.836 Thread 0x0000000017224000 1589       4       com.android.dx.rop.code.BasicBlockList::forEachInsn (39 bytes)
Event: 4.840 Thread 0x0000000017224000 nmethod 1589 0x0000000002da4110 code [0x0000000002da4260, 0x0000000002da4518]
Event: 4.841 Thread 0x00000000171fc000 1590       4       com.android.dx.ssa.back.FirstFitLocalCombiningAllocator$Alignment$3::nextClearBit (6 bytes)
Event: 4.843 Thread 0x00000000171fc000 nmethod 1590 0x0000000002d7a890 code [0x0000000002d7a9e0, 0x0000000002d7ab18]
Event: 4.843 Thread 0x0000000017224000 1591   !   4       com.android.dx.cf.code.BytecodeArray::parseInstruction (2764 bytes)
Event: 4.921 Thread 0x00000000171fc000 1592       4       com.android.dx.cf.code.ExecutionStack::copy (59 bytes)
Event: 4.927 Thread 0x00000000171fc000 nmethod 1592 0x0000000002da38d0 code [0x0000000002da3a40, 0x0000000002da3eb8]
Event: 4.927 Thread 0x00000000171fc000 1593       4       com.android.dx.cf.code.ValueAwareMachine::run (1142 bytes)

GC Heap History (2 events):
Event: 2.825 GC heap before
{Heap before GC invocations=1 (full 0):
 PSYoungGen      total 38400K, used 33280K [0x00000000eab00000, 0x00000000ed580000, 0x0000000100000000)
  eden space 33280K, 100% used [0x00000000eab00000,0x00000000ecb80000,0x00000000ecb80000)
  from space 5120K, 0% used [0x00000000ed080000,0x00000000ed080000,0x00000000ed580000)
  to   space 5120K, 0% used [0x00000000ecb80000,0x00000000ecb80000,0x00000000ed080000)
 ParOldGen       total 87552K, used 0K [0x00000000c0000000, 0x00000000c5580000, 0x00000000eab00000)
  object space 87552K, 0% used [0x00000000c0000000,0x00000000c0000000,0x00000000c5580000)
 Metaspace       used 5666K, capacity 6960K, committed 7040K, reserved 1056768K
  class space    used 553K, capacity 616K, committed 640K, reserved 1048576K
Event: 3.102 GC heap after
Heap after GC invocations=1 (full 0):
 PSYoungGen      total 38400K, used 5095K [0x00000000eab00000, 0x00000000ef600000, 0x0000000100000000)
  eden space 33280K, 0% used [0x00000000eab00000,0x00000000eab00000,0x00000000ecb80000)
  from space 5120K, 99% used [0x00000000ecb80000,0x00000000ed079c98,0x00000000ed080000)
  to   space 5120K, 0% used [0x00000000ef100000,0x00000000ef100000,0x00000000ef600000)
 ParOldGen       total 87552K, used 1697K [0x00000000c0000000, 0x00000000c5580000, 0x00000000eab00000)
  object space 87552K, 1% used [0x00000000c0000000,0x00000000c01a8650,0x00000000c5580000)
 Metaspace       used 5666K, capacity 6960K, committed 7040K, reserved 1056768K
  class space    used 553K, capacity 616K, committed 640K, reserved 1048576K
}

Deoptimization events (10 events):
Event: 3.719 Thread 0x00000000025e0800 Uncommon trap: reason=unstable_if action=reinterpret pc=0x0000000002bf99a8 method=com.android.dx.ssa.SCCP.simulateBranch(Lcom/android/dx/ssa/SsaInsn;)V @ 64
Event: 4.305 Thread 0x00000000025e0800 Uncommon trap: reason=unstable_if action=reinterpret pc=0x0000000002d050cc method=com.android.dx.rop.code.LocalVariableInfo.mergeStarts(ILcom/android/dx/rop/code/RegisterSpecSet;)Z @ 31
Event: 4.308 Thread 0x00000000025e0800 Uncommon trap: reason=bimorphic action=maybe_recompile pc=0x0000000002c8c910 method=com.android.dx.rop.code.RegisterSpec.withSimpleType()Lcom/android/dx/rop/code/RegisterSpec; @ 21
Event: 4.806 Thread 0x00000000025e0800 Uncommon trap: reason=class_check action=maybe_recompile pc=0x0000000002d4fe58 method=com.android.dx.cf.code.RopperMachine.run(Lcom/android/dx/cf/code/Frame;II)V @ 988
Event: 4.818 Thread 0x00000000025e0800 Uncommon trap: reason=bimorphic action=maybe_recompile pc=0x0000000002c45a38 method=com.android.dx.cf.code.BytecodeArray.parseInstruction(ILcom/android/dx/cf/code/BytecodeArray$Visitor;)I @ 1161
Event: 4.818 Thread 0x00000000025e0800 Uncommon trap: reason=bimorphic action=maybe_recompile pc=0x0000000002c45a38 method=com.android.dx.cf.code.BytecodeArray.parseInstruction(ILcom/android/dx/cf/code/BytecodeArray$Visitor;)I @ 1161
Event: 4.819 Thread 0x00000000025e0800 Uncommon trap: reason=class_check action=maybe_recompile pc=0x0000000002d4fe58 method=com.android.dx.cf.code.RopperMachine.run(Lcom/android/dx/cf/code/Frame;II)V @ 988
Event: 4.833 Thread 0x00000000025e0800 Uncommon trap: reason=bimorphic action=maybe_recompile pc=0x0000000002c459a0 method=com.android.dx.cf.code.BytecodeArray.parseInstruction(ILcom/android/dx/cf/code/BytecodeArray$Visitor;)I @ 1130
Event: 4.833 Thread 0x00000000025e0800 Uncommon trap: reason=bimorphic action=maybe_recompile pc=0x0000000002c459a0 method=com.android.dx.cf.code.BytecodeArray.parseInstruction(ILcom/android/dx/cf/code/BytecodeArray$Visitor;)I @ 1130
Event: 4.841 Thread 0x00000000025e0800 Uncommon trap: reason=bimorphic action=maybe_recompile pc=0x00000000029fe79c method=java.util.HashMap.getNode(ILjava/lang/Object;)Ljava/util/HashMap$Node; @ 126

Internal exceptions (4 events):
Event: 0.056 Thread 0x00000000025e0800 Exception <a 'java/lang/NoSuchMethodError': Method sun.misc.Unsafe.defineClass(Ljava/lang/String;[BII)Ljava/lang/Class; name or signature does not match> (0x00000000eab0cf08) thrown at [C:\re\workspace\8-2-build-windows-amd64-cygwin\jdk8u51\3951\hotspot\srI©'›Zª¬?
Event: 0.056 Thread 0x00000000025e0800 Exception <a 'java/lang/NoSuchMethodError': Method sun.misc.Unsafe.prefetchRead(Ljava/lang/Object;J)V name or signature does not match> (0x00000000eab0d198) thrown at [C:\re\workspace\8-2-build-windows-amd64-cygwin\jdk8u51\3951\hotspot\src\share\vm\prims\j\G”:]1ý?
Event: 1.825 Thread 0x00000000025e0800 Implicit null exception at 0x0000000002a8ca62 to 0x0000000002a8cb55
Event: 2.331 Thread 0x00000000025e0800 Implicit null exception at 0x0000000002a2c621 to 0x0000000002a2ef21

Events (10 events):
Event: 4.833 Thread 0x00000000025e0800 DEOPT PACKING pc=0x0000000002c459a0 sp=0x000000000252e690
Event: 4.833 Thread 0x00000000025e0800 DEOPT UNPACKING pc=0x000000000272582a sp=0x000000000252e618 mode 2
Event: 4.833 Thread 0x00000000025e0800 Uncommon trap: trap_request=0xffffffc6 fr.pc=0x0000000002c459a0
Event: 4.833 Thread 0x00000000025e0800 DEOPT PACKING pc=0x0000000002c459a0 sp=0x000000000252e4e0
Event: 4.833 Thread 0x00000000025e0800 DEOPT UNPACKING pc=0x000000000272582a sp=0x000000000252e468 mode 2
Event: 4.840 Thread 0x00000000025e0800 DEOPT PACKING pc=0x0000000002a607f5 sp=0x000000000252e8b0
Event: 4.840 Thread 0x00000000025e0800 DEOPT UNPACKING pc=0x000000000272787f sp=0x000000000252e590 mode 0
Event: 4.841 Thread 0x00000000025e0800 Uncommon trap: trap_request=0xffffffc6 fr.pc=0x00000000029fe79c
Event: 4.841 Thread 0x00000000025e0800 DEOPT PACKING pc=0x00000000029fe79c sp=0x000000000252e700
Event: 4.841 Thread 0x00000000025e0800 DEOPT UNPACKING pc=0x000000000272582a sp=0x000000000252e680 mode 2


Dynamic libraries:
0x00007ff7568a0000 - 0x00007ff7568d7000 	C:\Program Files\Java\jdk1.8.0_51\bin\java.exe
0x00007ffac12a0000 - 0x00007ffac144c000 	C:\Windows\SYSTEM32\ntdll.dll
0x00007ffabf170000 - 0x00007ffabf2ae000 	C:\Windows\system32\KERNEL32.DLL
0x00007ffabe750000 - 0x00007ffabe865000 	C:\Windows\system32\KERNELBASE.dll
0x00007ffabcf70000 - 0x00007ffabcffe000 	C:\Windows\system32\apphelp.dll
0x00007ffaa82e0000 - 0x00007ffaa8333000 	C:\Windows\AppPatch\AppPatch64\AcGenral.DLL
0x00007ffac0da0000 - 0x00007ffac0e4a000 	C:\Windows\system32\msvcrt.dll
0x00007ffabe220000 - 0x00007ffabe24e000 	C:\Windows\SYSTEM32\SspiCli.dll
0x00007ffabef90000 - 0x00007ffabefe4000 	C:\Windows\system32\SHLWAPI.dll
0x00007ffabeb60000 - 0x00007ffabecd7000 	C:\Windows\system32\USER32.dll
0x00007ffac0e50000 - 0x00007ffac0fe4000 	C:\Windows\system32\ole32.dll
0x00007ffabf6a0000 - 0x00007ffac0bb8000 	C:\Windows\system32\SHELL32.dll
0x00007ffabd960000 - 0x00007ffabd981000 	C:\Windows\SYSTEM32\USERENV.dll
0x00007ffabedb0000 - 0x00007ffabee5a000 	C:\Windows\system32\ADVAPI32.dll
0x00007ffaa6050000 - 0x00007ffaa606e000 	C:\Windows\SYSTEM32\MPR.dll
0x00007ffac0ff0000 - 0x00007ffac1131000 	C:\Windows\system32\RPCRT4.dll
0x00007ffabee60000 - 0x00007ffabeeb9000 	C:\Windows\SYSTEM32\sechost.dll
0x00007ffabf480000 - 0x00007ffabf691000 	C:\Windows\SYSTEM32\combase.dll
0x00007ffac1140000 - 0x00007ffac1291000 	C:\Windows\system32\GDI32.dll
0x00007ffabe3f0000 - 0x00007ffabe405000 	C:\Windows\SYSTEM32\profapi.dll
0x00007ffabceb0000 - 0x00007ffabcf62000 	C:\Windows\SYSTEM32\SHCORE.dll
0x00007ffabed70000 - 0x00007ffabeda6000 	C:\Windows\system32\IMM32.DLL
0x00007ffabe980000 - 0x00007ffabead3000 	C:\Windows\system32\MSCTF.dll
0x00007ffabc030000 - 0x00007ffabc2ab000 	C:\Windows\WinSxS\amd64_microsoft.windows.common-controls_6595b64144ccf1df_6.0.9600.17415_none_6240486fecbd8abb\COMCTL32.dll
0x0000000075fc0000 - 0x0000000076092000 	C:\Program Files\Java\jdk1.8.0_51\jre\bin\msvcr100.dll
0x0000000071f50000 - 0x00000000727d3000 	C:\Program Files\Java\jdk1.8.0_51\jre\bin\server\jvm.dll
0x00007ffab6820000 - 0x00007ffab6829000 	C:\Windows\SYSTEM32\WSOCK32.dll
0x00007ffaba950000 - 0x00007ffaba972000 	C:\Windows\SYSTEM32\WINMM.dll
0x00007ffabb410000 - 0x00007ffabb41a000 	C:\Windows\SYSTEM32\VERSION.dll
0x00007ffabf460000 - 0x00007ffabf467000 	C:\Windows\system32\PSAPI.DLL
0x00007ffabeb00000 - 0x00007ffabeb5a000 	C:\Windows\system32\WS2_32.dll
0x00007ffaba920000 - 0x00007ffaba94a000 	C:\Windows\SYSTEM32\WINMMBASE.dll
0x00007ffabeae0000 - 0x00007ffabeae9000 	C:\Windows\system32\NSI.dll
0x00007ffabe700000 - 0x00007ffabe74f000 	C:\Windows\SYSTEM32\cfgmgr32.dll
0x00007ffabd210000 - 0x00007ffabd238000 	C:\Windows\SYSTEM32\DEVOBJ.dll
0x0000000076430000 - 0x000000007643f000 	C:\Program Files\Java\jdk1.8.0_51\jre\bin\verify.dll
0x0000000076400000 - 0x0000000076429000 	C:\Program Files\Java\jdk1.8.0_51\jre\bin\java.dll
0x00000000763e0000 - 0x00000000763f6000 	C:\Program Files\Java\jdk1.8.0_51\jre\bin\zip.dll
0x00007ffa9acb0000 - 0x00007ffa9ae3a000 	C:\Windows\SYSTEM32\dbghelp.dll

VM Arguments:
jvm_args: -Xmx1024M -Dfile.encoding=windows-1252 -Duser.country=GB -Duser.language=en -Duser.variant 
java_command: com.android.dx.command.Main --dex --output D:\mainworkspace\Android\Grability\app\build\intermediates\pre-dexed\debug\picasso-2.5.2-299e1538b40089ab89adcffc977bb076e5d4cff0.jar D:\mainworkspace\Android\Grability\app\libs\picasso-2.5.2.jar
java_class_path (initial): C:\Users\Juano\AppData\Local\Android\sdk\build-tools\22.0.1\lib\dx.jar
Launcher Type: SUN_STANDARD

Environment Variables:
JAVA_HOME=C:\Program Files\Java\jdk1.8.0_51
PATH=C:\ProgramData\Oracle\Java\javapath;C:\Program Files (x86)\Intel\iCLS Client\;C:\Program Files\Intel\iCLS Client\;C:\Windows\system32;C:\Windows;C:\Windows\System32\Wbem;C:\Windows\System32\WindowsPowerShell\v1.0\;C:\Program Files\Intel\Intel(R) Management Engine Components\DAL;C:\Program Files (x86)\Intel\Intel(R) Management Engine Components\DAL;C:\Program Files\Intel\Intel(R) Management Engine Components\IPT;C:\Program Files (x86)\Intel\Intel(R) Management Engine Components\IPT;C:\Program Files\nodejs\;C:\Program Files (x86)\Skype\Phone\;C:\Program Files (x86)\NVIDIA Corporation\PhysX\Common;C:\Users\Juano\AppData\Roaming\npm
USERNAME=Juano
OS=Windows_NT
PROCESSOR_IDENTIFIER=Intel64 Family 6 Model 60 Stepping 3, GenuineIntel



---------------  S Y S T E M  ---------------

OS: Windows 8.1 , 64 bit Build 9600 (6.3.9600.17415)

CPU:total 8 (4 cores per cpu, 2 threads per core) family 6 model 60 stepping 3, cmov, cx8, fxsr, mmx, sse, sse2, sse3, ssse3, sse4.1, sse4.2, popcnt, avx, avx2, aes, clmul, erms, lzcnt, ht, tsc, tscinvbit, bmi1, bmi2

Memory: 4k page, physical 8271308k(784932k free), swap 11417036k(5872k free)

vm_info: Java HotSpot(TM) 64-Bit Server VM (25.51-b03) for windows-amd64 JRE (1.8.0_51-b16), built on Jun  8 2015 18:03:07 by "java_re" with MS VC++ 10.0 (VS2010)

time: Tue Jan 31 18:14:22 2017
elapsed time: 5 seconds (0d 0h 0m 5s)

