#
# There is insufficient memory for the Java Runtime Environment to continue.
# Native memory allocation (malloc) failed to allocate 366736 bytes for Chunk::new
# Possible reasons:
#   The system is out of physical RAM or swap space
#   In 32 bit mode, the process size limit was hit
# Possible solutions:
#   Reduce memory load on the system
#   Increase physical memory or swap space
#   Check if swap backing store is full
#   Use 64 bit Java on a 64 bit OS
#   Decrease Java heap size (-Xmx/-Xms)
#   Decrease number of Java threads
#   Decrease Java thread stack sizes (-Xss)
#   Set larger code cache with -XX:ReservedCodeCacheSize=
# This output file may be truncated or incomplete.
#
#  Out of Memory Error (allocation.cpp:390), pid=10024, tid=8936
#
# JRE version: Java(TM) SE Runtime Environment (8.0_51-b16) (build 1.8.0_51-b16)
# Java VM: Java HotSpot(TM) 64-Bit Server VM (25.51-b03 mixed mode windows-amd64 compressed oops)
# Failed to write core dump. Minidumps are not enabled by default on client versions of Windows
#

---------------  T H R E A D  ---------------

Current thread (0x0000000016b5e000):  JavaThread "C2 CompilerThread2" daemon [_thread_in_native, id=8936, stack(0x0000000017330000,0x0000000017430000)]

Stack: [0x0000000017330000,0x0000000017430000]
Native frames: (J=compiled Java code, j=interpreted, Vv=VM code, C=native code)
V  [jvm.dll+0x32b4ca]


Current CompileTask:
C2:   3969 1445   !   4       com.android.dx.cf.code.RopperMachine::run (1550 bytes)


---------------  P R O C E S S  ---------------

Java Threads: ( => current thread )
  0x0000000016bd9000 JavaThread "Service Thread" daemon [_thread_blocked, id=9668, stack(0x0000000017530000,0x0000000017630000)]
  0x0000000016b63800 JavaThread "C1 CompilerThread3" daemon [_thread_blocked, id=3568, stack(0x0000000017430000,0x0000000017530000)]
=>0x0000000016b5e000 JavaThread "C2 CompilerThread2" daemon [_thread_in_native, id=8936, stack(0x0000000017330000,0x0000000017430000)]
  0x0000000016b59000 JavaThread "C2 CompilerThread1" daemon [_thread_blocked, id=9464, stack(0x0000000017230000,0x0000000017330000)]
  0x0000000016b55800 JavaThread "C2 CompilerThread0" daemon [_thread_blocked, id=3132, stack(0x0000000017130000,0x0000000017230000)]
  0x0000000016b54000 JavaThread "Attach Listener" daemon [_thread_blocked, id=6376, stack(0x0000000017030000,0x0000000017130000)]
  0x0000000016b53800 JavaThread "Signal Dispatcher" daemon [_thread_blocked, id=9352, stack(0x0000000016f30000,0x0000000017030000)]
  0x0000000002023000 JavaThread "Finalizer" daemon [_thread_blocked, id=1924, stack(0x0000000016a30000,0x0000000016b30000)]
  0x0000000002022000 JavaThread "Reference Handler" daemon [_thread_blocked, id=9024, stack(0x0000000016930000,0x0000000016a30000)]
  0x0000000001f30800 JavaThread "main" [_thread_in_Java, id=8564, stack(0x0000000001d30000,0x0000000001e30000)]

Other Threads:
  0x0000000014b49800 VMThread [stack: 0x0000000016830000,0x0000000016930000] [id=4224]
  0x0000000016bdc000 WatcherThread [stack: 0x0000000017630000,0x0000000017730000] [id=1700]

VM state:not at safepoint (normal execution)

VM Mutex/Monitor currently owned by a thread: None

Heap:
 PSYoungGen      total 38400K, used 13337K [0x00000000eab00000, 0x00000000ef600000, 0x0000000100000000)
  eden space 33280K, 24% used [0x00000000eab00000,0x00000000eb30b838,0x00000000ecb80000)
  from space 5120K, 99% used [0x00000000ecb80000,0x00000000ed07ad18,0x00000000ed080000)
  to   space 5120K, 0% used [0x00000000ef100000,0x00000000ef100000,0x00000000ef600000)
 ParOldGen       total 87552K, used 1674K [0x00000000c0000000, 0x00000000c5580000, 0x00000000eab00000)
  object space 87552K, 1% used [0x00000000c0000000,0x00000000c01a2a80,0x00000000c5580000)
 Metaspace       used 5736K, capacity 6960K, committed 7040K, reserved 1056768K
  class space    used 553K, capacity 616K, committed 640K, reserved 1048576K

Card table byte_map: [0x00000000113f0000,0x0000000011600000] byte_map_base: 0x0000000010df0000

Marking Bits: (ParMarkBitMap*) 0x0000000072754040
 Begin Bits: [0x0000000011f60000, 0x0000000012f60000)
 End Bits:   [0x0000000012f60000, 0x0000000013f60000)

Polling page: 0x00000000005c0000

CodeCache: size=245760Kb used=6111Kb max_used=6112Kb free=239648Kb
 bounds [0x0000000002030000, 0x0000000002640000, 0x0000000011030000]
 total_blobs=1728 nmethods=1463 adapters=178
 compilation: enabled

Compilation events (10 events):
Event: 3.891 Thread 0x0000000016b55800 nmethod 1452 0x00000000026291d0 code [0x0000000002629340, 0x0000000002629918]
Event: 3.891 Thread 0x0000000016b55800 1448       4       com.android.dx.cf.code.BaseMachine::storeResults (90 bytes)
Event: 3.899 Thread 0x0000000016b55800 nmethod 1448 0x0000000002629cd0 code [0x0000000002629e60, 0x000000000262a378]
Event: 3.899 Thread 0x0000000016b55800 1457       4       com.android.dx.ssa.SsaBasicBlock::scheduleMovesFromPhis (108 bytes)
Event: 3.900 Thread 0x0000000016b55800 nmethod 1457 0x0000000002624390 code [0x00000000026244c0, 0x0000000002624578]
Event: 3.911 Thread 0x0000000016b59000 nmethod 1447 0x000000000262ccd0 code [0x000000000262d760, 0x000000000262ecb0]
Event: 3.962 Thread 0x0000000016b63800 1462       3       com.android.dx.cf.code.LocalVariableList::get (9 bytes)
Event: 3.962 Thread 0x0000000016b63800 nmethod 1462 0x000000000262c7d0 code [0x000000000262c940, 0x000000000262cc28]
Event: 3.962 Thread 0x0000000016b63800 1463       3       com.android.dx.cf.code.LocalVariableList::set (21 bytes)
Event: 3.963 Thread 0x0000000016b63800 nmethod 1463 0x000000000262b6d0 code [0x000000000262b8c0, 0x000000000262c1b8]

GC Heap History (2 events):
Event: 2.029 GC heap before
{Heap before GC invocations=1 (full 0):
 PSYoungGen      total 38400K, used 33280K [0x00000000eab00000, 0x00000000ed580000, 0x0000000100000000)
  eden space 33280K, 100% used [0x00000000eab00000,0x00000000ecb80000,0x00000000ecb80000)
  from space 5120K, 0% used [0x00000000ed080000,0x00000000ed080000,0x00000000ed580000)
  to   space 5120K, 0% used [0x00000000ecb80000,0x00000000ecb80000,0x00000000ed080000)
 ParOldGen       total 87552K, used 0K [0x00000000c0000000, 0x00000000c5580000, 0x00000000eab00000)
  object space 87552K, 0% used [0x00000000c0000000,0x00000000c0000000,0x00000000c5580000)
 Metaspace       used 5681K, capacity 6960K, committed 7040K, reserved 1056768K
  class space    used 551K, capacity 616K, committed 640K, reserved 1048576K
Event: 2.129 GC heap after
Heap after GC invocations=1 (full 0):
 PSYoungGen      total 38400K, used 5099K [0x00000000eab00000, 0x00000000ef600000, 0x0000000100000000)
  eden space 33280K, 0% used [0x00000000eab00000,0x00000000eab00000,0x00000000ecb80000)
  from space 5120K, 99% used [0x00000000ecb80000,0x00000000ed07ad18,0x00000000ed080000)
  to   space 5120K, 0% used [0x00000000ef100000,0x00000000ef100000,0x00000000ef600000)
 ParOldGen       total 87552K, used 1674K [0x00000000c0000000, 0x00000000c5580000, 0x00000000eab00000)
  object space 87552K, 1% used [0x00000000c0000000,0x00000000c01a2a80,0x00000000c5580000)
 Metaspace       used 5681K, capacity 6960K, committed 7040K, reserved 1056768K
  class space    used 551K, capacity 616K, committed 640K, reserved 1048576K
}

Deoptimization events (10 events):
Event: 0.708 Thread 0x0000000001f30800 Uncommon trap: reason=unstable_if action=reinterpret pc=0x000000000223bfac method=java.util.HashMap.getNode(ILjava/lang/Object;)Ljava/util/HashMap$Node; @ 129
Event: 0.909 Thread 0x0000000001f30800 Uncommon trap: reason=class_check action=maybe_recompile pc=0x00000000022a2130 method=com.android.dx.ssa.NormalSsaInsn.accept(Lcom/android/dx/ssa/SsaInsn$Visitor;)V @ 9
Event: 0.909 Thread 0x0000000001f30800 Uncommon trap: reason=class_check action=maybe_recompile pc=0x00000000022a2130 method=com.android.dx.ssa.NormalSsaInsn.accept(Lcom/android/dx/ssa/SsaInsn$Visitor;)V @ 9
Event: 0.909 Thread 0x0000000001f30800 Uncommon trap: reason=class_check action=maybe_recompile pc=0x00000000022a2130 method=com.android.dx.ssa.NormalSsaInsn.accept(Lcom/android/dx/ssa/SsaInsn$Visitor;)V @ 9
Event: 0.909 Thread 0x0000000001f30800 Uncommon trap: reason=class_check action=maybe_recompile pc=0x00000000022a2130 method=com.android.dx.ssa.NormalSsaInsn.accept(Lcom/android/dx/ssa/SsaInsn$Visitor;)V @ 9
Event: 0.989 Thread 0x0000000001f30800 Uncommon trap: reason=null_check action=make_not_entrant pc=0x00000000023aa408 method=com.android.dx.ssa.SsaRenamer.getLocalForNewReg(I)Lcom/android/dx/rop/code/LocalItem; @ 19
Event: 1.338 Thread 0x0000000001f30800 Uncommon trap: reason=null_check action=make_not_entrant pc=0x0000000002506e24 method=com.android.dx.rop.type.Type.equals(Ljava/lang/Object;)Z @ 8
Event: 1.469 Thread 0x0000000001f30800 Uncommon trap: reason=unstable_if action=reinterpret pc=0x0000000002553a4c method=com.android.dx.ssa.MoveParamCombiner$1.visitNonMoveInsn(Lcom/android/dx/ssa/NormalSsaInsn;)V @ 27
Event: 2.532 Thread 0x0000000001f30800 Uncommon trap: reason=bimorphic action=maybe_recompile pc=0x0000000002594820 method=com.android.dx.cf.code.BytecodeArray.parseInstruction(ILcom/android/dx/cf/code/BytecodeArray$Visitor;)I @ 2281
Event: 2.532 Thread 0x0000000001f30800 Uncommon trap: reason=bimorphic action=maybe_recompile pc=0x0000000002594820 method=com.android.dx.cf.code.BytecodeArray.parseInstruction(ILcom/android/dx/cf/code/BytecodeArray$Visitor;)I @ 2281

Internal exceptions (4 events):
Event: 0.127 Thread 0x0000000001f30800 Exception <a 'java/lang/NoSuchMethodError': Method sun.misc.Unsafe.defineClass(Ljava/lang/String;[BII)Ljava/lang/Class; name or signature does not match> (0x00000000eab0d2e8) thrown at [C:\re\workspace\8-2-build-windows-amd64-cygwin\jdk8u51\3951\hotspot\srDw~l;7À?
Event: 0.127 Thread 0x0000000001f30800 Exception <a 'java/lang/NoSuchMethodError': Method sun.misc.Unsafe.prefetchRead(Ljava/lang/Object;J)V name or signature does not match> (0x00000000eab0d578) thrown at [C:\re\workspace\8-2-build-windows-amd64-cygwin\jdk8u51\3951\hotspot\src\share\vm\prims\jSÕµq©ï?
Event: 0.989 Thread 0x0000000001f30800 Implicit null exception at 0x00000000023a7caf to 0x00000000023aa3bd
Event: 1.338 Thread 0x0000000001f30800 Implicit null exception at 0x0000000002506d22 to 0x0000000002506e15

Events (10 events):
Event: 2.532 Thread 0x0000000001f30800 Uncommon trap: trap_request=0xffffffc6 fr.pc=0x0000000002594820
Event: 2.532 Thread 0x0000000001f30800 DEOPT PACKING pc=0x0000000002594820 sp=0x0000000001e2e440
Event: 2.532 Thread 0x0000000001f30800 DEOPT UNPACKING pc=0x000000000207582a sp=0x0000000001e2e3d0 mode 2
Event: 2.532 Thread 0x0000000001f30800 Uncommon trap: trap_request=0xffffffc6 fr.pc=0x0000000002594820
Event: 2.532 Thread 0x0000000001f30800 DEOPT PACKING pc=0x0000000002594820 sp=0x0000000001e2e200
Event: 2.532 Thread 0x0000000001f30800 DEOPT UNPACKING pc=0x000000000207582a sp=0x0000000001e2e190 mode 2
Event: 2.538 loading class com/android/dx/cf/code/SwitchList
Event: 2.538 loading class com/android/dx/cf/code/SwitchList done
Event: 3.181 loading class com/android/dx/rop/code/RegisterSpec$1
Event: 3.181 loading class com/android/dx/rop/code/RegisterSpec$1 done


Dynamic libraries:
0x00007ff7568a0000 - 0x00007ff7568d7000 	C:\Program Files\Java\jdk1.8.0_51\bin\java.exe
0x00007ffac12a0000 - 0x00007ffac144c000 	C:\Windows\SYSTEM32\ntdll.dll
0x00007ffabf170000 - 0x00007ffabf2ae000 	C:\Windows\system32\KERNEL32.DLL
0x00007ffabe750000 - 0x00007ffabe865000 	C:\Windows\system32\KERNELBASE.dll
0x00007ffabcf70000 - 0x00007ffabcffe000 	C:\Windows\system32\apphelp.dll
0x00007ffaa82e0000 - 0x00007ffaa8333000 	C:\Windows\AppPatch\AppPatch64\AcGenral.DLL
0x00007ffac0da0000 - 0x00007ffac0e4a000 	C:\Windows\system32\msvcrt.dll
0x00007ffabe220000 - 0x00007ffabe24e000 	C:\Windows\SYSTEM32\SspiCli.dll
0x00007ffabef90000 - 0x00007ffabefe4000 	C:\Windows\system32\SHLWAPI.dll
0x00007ffabeb60000 - 0x00007ffabecd7000 	C:\Windows\system32\USER32.dll
0x00007ffac0e50000 - 0x00007ffac0fe4000 	C:\Windows\system32\ole32.dll
0x00007ffabf6a0000 - 0x00007ffac0bb8000 	C:\Windows\system32\SHELL32.dll
0x00007ffabd960000 - 0x00007ffabd981000 	C:\Windows\SYSTEM32\USERENV.dll
0x00007ffabedb0000 - 0x00007ffabee5a000 	C:\Windows\system32\ADVAPI32.dll
0x00007ffaa6050000 - 0x00007ffaa606e000 	C:\Windows\SYSTEM32\MPR.dll
0x00007ffac0ff0000 - 0x00007ffac1131000 	C:\Windows\system32\RPCRT4.dll
0x00007ffabee60000 - 0x00007ffabeeb9000 	C:\Windows\SYSTEM32\sechost.dll
0x00007ffabf480000 - 0x00007ffabf691000 	C:\Windows\SYSTEM32\combase.dll
0x00007ffac1140000 - 0x00007ffac1291000 	C:\Windows\system32\GDI32.dll
0x00007ffabe3f0000 - 0x00007ffabe405000 	C:\Windows\SYSTEM32\profapi.dll
0x00007ffabceb0000 - 0x00007ffabcf62000 	C:\Windows\SYSTEM32\SHCORE.dll
0x00007ffabed70000 - 0x00007ffabeda6000 	C:\Windows\system32\IMM32.DLL
0x00007ffabe980000 - 0x00007ffabead3000 	C:\Windows\system32\MSCTF.dll
0x00007ffabc030000 - 0x00007ffabc2ab000 	C:\Windows\WinSxS\amd64_microsoft.windows.common-controls_6595b64144ccf1df_6.0.9600.17415_none_6240486fecbd8abb\COMCTL32.dll
0x0000000075fc0000 - 0x0000000076092000 	C:\Program Files\Java\jdk1.8.0_51\jre\bin\msvcr100.dll
0x0000000071f50000 - 0x00000000727d3000 	C:\Program Files\Java\jdk1.8.0_51\jre\bin\server\jvm.dll
0x00007ffab6820000 - 0x00007ffab6829000 	C:\Windows\SYSTEM32\WSOCK32.dll
0x00007ffaba950000 - 0x00007ffaba972000 	C:\Windows\SYSTEM32\WINMM.dll
0x00007ffabb410000 - 0x00007ffabb41a000 	C:\Windows\SYSTEM32\VERSION.dll
0x00007ffabf460000 - 0x00007ffabf467000 	C:\Windows\system32\PSAPI.DLL
0x00007ffabeb00000 - 0x00007ffabeb5a000 	C:\Windows\system32\WS2_32.dll
0x00007ffaba920000 - 0x00007ffaba94a000 	C:\Windows\SYSTEM32\WINMMBASE.dll
0x00007ffabeae0000 - 0x00007ffabeae9000 	C:\Windows\system32\NSI.dll
0x00007ffabe700000 - 0x00007ffabe74f000 	C:\Windows\SYSTEM32\cfgmgr32.dll
0x00007ffabd210000 - 0x00007ffabd238000 	C:\Windows\SYSTEM32\DEVOBJ.dll
0x0000000076430000 - 0x000000007643f000 	C:\Program Files\Java\jdk1.8.0_51\jre\bin\verify.dll
0x0000000076400000 - 0x0000000076429000 	C:\Program Files\Java\jdk1.8.0_51\jre\bin\java.dll
0x00000000763e0000 - 0x00000000763f6000 	C:\Program Files\Java\jdk1.8.0_51\jre\bin\zip.dll
0x00007ffa9acb0000 - 0x00007ffa9ae3a000 	C:\Windows\SYSTEM32\dbghelp.dll

VM Arguments:
jvm_args: -Xmx1024M -Dfile.encoding=windows-1252 -Duser.country=GB -Duser.language=en -Duser.variant 
java_command: com.android.dx.command.Main --dex --output D:\mainworkspace\Android\Grability\app\build\intermediates\pre-dexed\debug\gson-2.6.2-983a06a5315b0e4a219867da74218b0e0bfb7890.jar C:\Users\Juano\.gradle\caches\modules-2\files-2.1\com.google.code.gson\gson\2.6.2\f1bc476cc167b18e66c297df599b2377131a8947\gson-2.6.2.jar
java_class_path (initial): C:\Users\Juano\AppData\Local\Android\sdk\build-tools\22.0.1\lib\dx.jar
Launcher Type: SUN_STANDARD

Environment Variables:
JAVA_HOME=C:\Program Files\Java\jdk1.8.0_51
PATH=C:\ProgramData\Oracle\Java\javapath;C:\Program Files (x86)\Intel\iCLS Client\;C:\Program Files\Intel\iCLS Client\;C:\Windows\system32;C:\Windows;C:\Windows\System32\Wbem;C:\Windows\System32\WindowsPowerShell\v1.0\;C:\Program Files\Intel\Intel(R) Management Engine Components\DAL;C:\Program Files (x86)\Intel\Intel(R) Management Engine Components\DAL;C:\Program Files\Intel\Intel(R) Management Engine Components\IPT;C:\Program Files (x86)\Intel\Intel(R) Management Engine Components\IPT;C:\Program Files\nodejs\;C:\Program Files (x86)\Skype\Phone\;C:\Program Files (x86)\NVIDIA Corporation\PhysX\Common;C:\Users\Juano\AppData\Roaming\npm
USERNAME=Juano
OS=Windows_NT
PROCESSOR_IDENTIFIER=Intel64 Family 6 Model 60 Stepping 3, GenuineIntel



---------------  S Y S T E M  ---------------

OS: Windows 8.1 , 64 bit Build 9600 (6.3.9600.17415)

CPU:total 8 (4 cores per cpu, 2 threads per core) family 6 model 60 stepping 3, cmov, cx8, fxsr, mmx, sse, sse2, sse3, ssse3, sse4.1, sse4.2, popcnt, avx, avx2, aes, clmul, erms, lzcnt, ht, tsc, tscinvbit, bmi1, bmi2

Memory: 4k page, physical 8271308k(745320k free), swap 11417036k(5136k free)

vm_info: Java HotSpot(TM) 64-Bit Server VM (25.51-b03) for windows-amd64 JRE (1.8.0_51-b16), built on Jun  8 2015 18:03:07 by "java_re" with MS VC++ 10.0 (VS2010)

time: Wed Feb 01 01:30:34 2017
elapsed time: 3 seconds (0d 0h 0m 3s)

